<?xml version="1.0" encoding="UTF-8"?>
<!-- Generated by org.testng.reporters.JUnitReportReporter -->
<testsuite hostname="TYSS-Piyush-Baldaniya" failures="0" tests="1" name="pac1.ContactTest" time="0.022" errors="0" timestamp="28 Oct 2024 14:48:21 GMT" skipped="0">
  <testcase classname="pac1.ContactTest" name="modifyContactTest" time="0.022"/>
</testsuite> <!-- pac1.ContactTest -->
