<?xml version="1.0" encoding="UTF-8"?>
<!-- Generated by org.testng.reporters.JUnitReportReporter -->
<testsuite hostname="TYSS-Piyush-Baldaniya" failures="0" tests="2" name="pac2.OrgTest" time="0.003" errors="0" timestamp="28 Oct 2024 14:40:35 GMT" skipped="0">
  <testcase classname="pac2.OrgTest" name="createOrgTest" time="0.001"/>
  <testcase classname="pac2.OrgTest" name="modifyOrgTest" time="0.002"/>
</testsuite> <!-- pac2.OrgTest -->
